accountsservice					install
acl						install
acpi-support					install
acpid						install
adduser						install
adwaita-icon-theme				install
alsa-base					install
alsa-topology-conf				install
alsa-ucm-conf					install
alsa-utils					install
amd64-microcode					install
anacron						install
apg						install
apparmor					install
apport						install
apport-gtk					install
apport-symptoms					install
appstream					install
apt						install
apt-config-icons				install
apt-utils					install
aptdaemon					install
aptdaemon-data					install
apturl						install
apturl-common					install
aspell						install
aspell-en					install
at-spi2-core					install
atril						install
atril-common					install
avahi-autoipd					install
avahi-daemon					install
avahi-utils					install
bamfdaemon					install
base-files					install
base-passwd					install
bash						install
bash-completion					install
bc						install
bind9-dnsutils					install
bind9-host					install
bind9-libs:amd64				install
binutils					install
binutils-common:amd64				install
binutils-x86-64-linux-gnu			install
blueman						install
bluez						install
bluez-cups					install
bluez-obexd					install
bolt						install
brltty						install
brltty-x11					install
bsdmainutils					install
bsdutils					install
bubblewrap					install
build-essential					install
busybox-initramfs				install
busybox-static					install
bzip2						install
ca-certificates					install
catfish						install
cheese-common					install
chrome-gnome-shell				install
cinnamon-desktop-data				install
cinnamon-l10n					install
code						install
colord						install
colord-data					install
command-not-found				install
compiz-core					install
compiz-plugins-default:amd64			install
compizconfig-settings-manager			install
console-setup					install
console-setup-linux				install
containerd.io					install
coreutils					install
cpio						install
cpp						install
cpp-9						install
cracklib-runtime				install
crda						install
cron						install
cups						install
cups-browsed					install
cups-bsd					install
cups-client					install
cups-common					install
cups-core-drivers				install
cups-daemon					install
cups-filters					install
cups-filters-core-drivers			install
cups-ipp-utils					install
cups-pk-helper					install
cups-ppdc					install
cups-server-common				install
curl						install
dash						install
dbus						install
dbus-user-session				install
dbus-x11					install
dc						install
dconf-cli					install
dconf-gsettings-backend:amd64			install
dconf-service					install
debconf						install
debconf-i18n					install
debianutils					install
desktop-file-utils				install
dictionaries-common				install
diffutils					install
dirmngr						install
distro-info					install
distro-info-data				install
dmidecode					install
dmsetup						install
dmz-cursor-theme				install
dns-root-data					install
dnsmasq-base					install
doc-base					install
docbook-xml					install
docker-ce					install
docker-ce-cli					install
docker-ce-rootless-extras			install
docker-scan-plugin				install
dosfstools					install
dpkg						install
dpkg-dev					install
e2fsprogs					install
ed						install
efibootmgr					install
eject						install
elementary-xfce-icon-theme			install
emacsen-common					install
enchant-2					install
engrampa					install
engrampa-common					install
espeak						install
espeak-data:amd64				install
espeak-ng-data:amd64				install
evolution-data-server				install
evolution-data-server-common			install
exo-utils					install
fakeroot					install
fdisk						install
file						install
file-roller					install
findutils					install
firefox						install
firefox-locale-en				install
firefox-locale-pt				install
flameshot					install
flatpak						install
fontconfig					install
fontconfig-config				install
fonts-beng					install
fonts-beng-extra				install
fonts-dejavu-core				install
fonts-deva					install
fonts-deva-extra				install
fonts-droid-fallback				install
fonts-freefont-ttf				install
fonts-gargi					install
fonts-gubbi					install
fonts-gujr					install
fonts-gujr-extra				install
fonts-guru					install
fonts-guru-extra				install
fonts-indic					install
fonts-kacst					install
fonts-kacst-one					install
fonts-kalapi					install
fonts-khmeros-core				install
fonts-knda					install
fonts-lao					install
fonts-lato					install
fonts-liberation				install
fonts-liberation2				install
fonts-lklug-sinhala				install
fonts-lohit-beng-assamese			install
fonts-lohit-beng-bengali			install
fonts-lohit-deva				install
fonts-lohit-gujr				install
fonts-lohit-guru				install
fonts-lohit-knda				install
fonts-lohit-mlym				install
fonts-lohit-orya				install
fonts-lohit-taml				install
fonts-lohit-taml-classical			install
fonts-lohit-telu				install
fonts-mathjax					install
fonts-mlym					install
fonts-nakula					install
fonts-navilu					install
fonts-noto-cjk					install
fonts-noto-core					install
fonts-noto-hinted				install
fonts-noto-mono					install
fonts-noto-ui-core				install
fonts-opensymbol				install
fonts-orya					install
fonts-orya-extra				install
fonts-pagul					install
fonts-sahadeva					install
fonts-samyak-deva				install
fonts-samyak-gujr				install
fonts-samyak-mlym				install
fonts-samyak-taml				install
fonts-sarai					install
fonts-sil-abyssinica				install
fonts-sil-padauk				install
fonts-smc					install
fonts-smc-anjalioldlipi				install
fonts-smc-chilanka				install
fonts-smc-dyuthi				install
fonts-smc-gayathri				install
fonts-smc-karumbi				install
fonts-smc-keraleeyam				install
fonts-smc-manjari				install
fonts-smc-meera					install
fonts-smc-rachana				install
fonts-smc-raghumalayalamsans			install
fonts-smc-suruma				install
fonts-smc-uroob					install
fonts-symbola					install
fonts-taml					install
fonts-telu					install
fonts-telu-extra				install
fonts-thai-tlwg					install
fonts-tibetan-machine				install
fonts-tlwg-garuda				install
fonts-tlwg-garuda-ttf				install
fonts-tlwg-kinnari				install
fonts-tlwg-kinnari-ttf				install
fonts-tlwg-laksaman				install
fonts-tlwg-laksaman-ttf				install
fonts-tlwg-loma					install
fonts-tlwg-loma-ttf				install
fonts-tlwg-mono					install
fonts-tlwg-mono-ttf				install
fonts-tlwg-norasi				install
fonts-tlwg-norasi-ttf				install
fonts-tlwg-purisa				install
fonts-tlwg-purisa-ttf				install
fonts-tlwg-sawasdee				install
fonts-tlwg-sawasdee-ttf				install
fonts-tlwg-typewriter				install
fonts-tlwg-typewriter-ttf			install
fonts-tlwg-typist				install
fonts-tlwg-typist-ttf				install
fonts-tlwg-typo					install
fonts-tlwg-typo-ttf				install
fonts-tlwg-umpush				install
fonts-tlwg-umpush-ttf				install
fonts-tlwg-waree				install
fonts-tlwg-waree-ttf				install
fonts-ubuntu					install
fonts-urw-base35				install
fonts-yrsa-rasa					install
foomatic-db-compressed-ppds			install
fprintd						install
friendly-recovery				install
ftp						install
fuse						install
fwupd						install
fwupd-signed					install
g++						install
g++-9						install
gcc						install
gcc-10-base:amd64				install
gcc-9						install
gcc-9-base:amd64				install
gcr						install
gdb						install
gdbserver					install
gdisk						install
gdm3						install
genisoimage					install
geoclue-2.0					install
gettext-base					install
ghostscript					install
ghostscript-x					install
gigolo						install
gimp						install
gimp-data					install
gimp-help-common				install
gimp-help-en					install
gimp-help-pt					install
gir1.2-accountsservice-1.0			install
gir1.2-appindicator3-0.1			install
gir1.2-atk-1.0:amd64				install
gir1.2-atspi-2.0:amd64				install
gir1.2-cheese-3.0:amd64				install
gir1.2-clutter-1.0:amd64			install
gir1.2-cogl-1.0:amd64				install
gir1.2-coglpango-1.0:amd64			install
gir1.2-freedesktop:amd64			install
gir1.2-gck-1:amd64				install
gir1.2-gcr-3:amd64				install
gir1.2-gdesktopenums-3.0:amd64			install
gir1.2-gdkpixbuf-2.0:amd64			install
gir1.2-gdm-1.0:amd64				install
gir1.2-geoclue-2.0:amd64			install
gir1.2-glib-2.0:amd64				install
gir1.2-gmenu-3.0:amd64				install
gir1.2-gnomebluetooth-1.0:amd64			install
gir1.2-gnomedesktop-3.0:amd64			install
gir1.2-goa-1.0:amd64				install
gir1.2-graphene-1.0:amd64			install
gir1.2-gst-plugins-base-1.0:amd64		install
gir1.2-gstreamer-1.0:amd64			install
gir1.2-gtk-3.0:amd64				install
gir1.2-gtkclutter-1.0:amd64			install
gir1.2-gweather-3.0:amd64			install
gir1.2-handy-0.0:amd64				install
gir1.2-ibus-1.0:amd64				install
gir1.2-javascriptcoregtk-4.0:amd64		install
gir1.2-json-1.0:amd64				install
gir1.2-mutter-6:amd64				install
gir1.2-nm-1.0:amd64				install
gir1.2-nma-1.0:amd64				install
gir1.2-notify-0.7:amd64				install
gir1.2-packagekitglib-1.0			install
gir1.2-pango-1.0:amd64				install
gir1.2-polkit-1.0				install
gir1.2-rsvg-2.0:amd64				install
gir1.2-secret-1:amd64				install
gir1.2-snapd-1:amd64				install
gir1.2-soup-2.4:amd64				install
gir1.2-upowerglib-1.0:amd64			install
gir1.2-vte-2.91:amd64				install
gir1.2-webkit2-4.0:amd64			install
gir1.2-wnck-3.0:amd64				install
gist						install
git						install
git-man						install
gjs						install
gkbd-capplet					install
glib-networking:amd64				install
glib-networking-common				install
glib-networking-services			install
gnome-accessibility-themes			install
gnome-control-center				install
gnome-control-center-data			install
gnome-control-center-faces			install
gnome-desktop3-data				install
gnome-font-viewer				install
gnome-keyring					install
gnome-keyring-pkcs11:amd64			install
gnome-menus					install
gnome-mines					install
gnome-online-accounts				install
gnome-session-bin				install
gnome-session-common				install
gnome-settings-daemon				install
gnome-settings-daemon-common			install
gnome-shell					install
gnome-shell-common				install
gnome-shell-extension-prefs			install
gnome-software					install
gnome-software-common				install
gnome-software-plugin-flatpak			install
gnome-software-plugin-snap			install
gnome-startup-applications			install
gnome-sudoku					install
gnome-system-tools				install
gnome-themes-extra:amd64			install
gnome-themes-extra-data				install
gnome-themes-standard				install
gnome-tweak-tool				install
gnome-tweaks					install
gnome-user-docs					install
gnupg						install
gnupg-l10n					install
gnupg-utils					install
gpg						install
gpg-agent					install
gpg-wks-client					install
gpg-wks-server					install
gpgconf						install
gpgsm						install
gpgv						install
grep						install
greybird-gtk-theme				install
groff-base					install
grub-common					install
grub-efi-amd64-bin				install
grub-efi-amd64-signed				install
grub-gfxpayload-lists				install
grub-pc						install
grub-pc-bin					install
grub2-common					install
gsettings-desktop-schemas			install
gstreamer1.0-clutter-3.0:amd64			install
gstreamer1.0-gl:amd64				install
gstreamer1.0-gtk3:amd64				install
gstreamer1.0-libav:amd64			install
gstreamer1.0-nice:amd64				install
gstreamer1.0-plugins-bad:amd64			install
gstreamer1.0-plugins-base:amd64			install
gstreamer1.0-plugins-good:amd64			install
gstreamer1.0-pulseaudio:amd64			install
gstreamer1.0-tools				install
gstreamer1.0-x:amd64				install
gtk-update-icon-cache				install
gtk2-engines-murrine:amd64			install
gtk2-engines-pixbuf:amd64			install
gucharmap					install
gvfs:amd64					install
gvfs-backends					install
gvfs-common					install
gvfs-daemons					install
gvfs-fuse					install
gvfs-libs:amd64					install
gyp						install
gzip						install
hddtemp						install
hdparm						install
hicolor-icon-theme				install
hostname					install
hplip						install
hplip-data					install
humanity-icon-theme				install
hunspell-en-us					install
hunspell-pt-br					install
hwdata						install
hyper						install
hyphen-en-us					install
hyphen-pt-br					install
i965-va-driver:amd64				install
ibus						install
ibus-data					install
ibus-gtk:amd64					install
ibus-gtk3:amd64					install
iio-sensor-proxy				install
im-config					install
indicator-common				install
indicator-messages				install
info						install
init						install
init-system-helpers				install
initramfs-tools					install
initramfs-tools-bin				install
initramfs-tools-core				install
inputattach					install
install-info					install
intel-media-va-driver:amd64			install
intel-microcode					install
inxi						install
ippusbxd					install
iproute2					install
iptables					install
iputils-ping					install
iputils-tracepath				install
irqbalance					install
isc-dhcp-client					install
isc-dhcp-common					install
iso-codes					install
iucode-tool					install
iw						install
javascript-common				install
kbd						install
kerneloops					install
keyboard-configuration				install
klibc-utils					install
kmod						install
krb5-locales					install
language-pack-en				install
language-pack-en-base				install
language-pack-gnome-en				install
language-pack-gnome-en-base			install
language-pack-gnome-pt				install
language-pack-gnome-pt-base			install
language-pack-pt				install
language-pack-pt-base				install
language-selector-common			install
language-selector-gnome				install
laptop-detect					install
less						install
libaa1:amd64					install
libaacs0:amd64					install
libabw-0.1-1:amd64				install
libaccountsservice0:amd64			install
libacl1:amd64					install
libalgorithm-diff-perl				install
libalgorithm-diff-xs-perl			install
libalgorithm-merge-perl				install
libamd2:amd64					install
libao-common					install
libao4:amd64					install
libaom0:amd64					install
libapparmor1:amd64				install
libappindicator3-1				install
libappstream-glib8:amd64			install
libappstream4:amd64				install
libapt-pkg6.0:amd64				install
libarchive13:amd64				install
libargon2-1:amd64				install
libasan5:amd64					install
libasn1-8-heimdal:amd64				install
libasound2:amd64				install
libasound2-data					install
libasound2-plugins:amd64			install
libaspell15:amd64				install
libass9:amd64					install
libassuan0:amd64				install
libasyncns0:amd64				install
libatasmart4:amd64				install
libatk-bridge2.0-0:amd64			install
libatk1.0-0:amd64				install
libatk1.0-data					install
libatkmm-1.6-1v5:amd64				install
libatm1:amd64					install
libatomic1:amd64				install
libatopology2:amd64				install
libatrildocument3				install
libatrilview3					install
libatspi2.0-0:amd64				install
libattr1:amd64					install
libaudit-common					install
libaudit1:amd64					install
libauthen-sasl-perl				install
libavahi-client3:amd64				install
libavahi-common-data:amd64			install
libavahi-common3:amd64				install
libavahi-core7:amd64				install
libavahi-glib1:amd64				install
libavc1394-0:amd64				install
libavcodec58:amd64				install
libavfilter7:amd64				install
libavformat58:amd64				install
libavutil56:amd64				install
libbabeltrace1:amd64				install
libbabl-0.1-0:amd64				install
libbamf3-2:amd64				install
libbdplus0:amd64				install
libbinutils:amd64				install
libblas3:amd64					install
libblkid1:amd64					install
libblockdev-crypto2:amd64			install
libblockdev-fs2:amd64				install
libblockdev-loop2:amd64				install
libblockdev-part-err2:amd64			install
libblockdev-part2:amd64				install
libblockdev-swap2:amd64				install
libblockdev-utils2:amd64			install
libblockdev2:amd64				install
libbluetooth3:amd64				install
libbluray2:amd64				install
libboost-date-time1.71.0:amd64			install
libboost-filesystem1.71.0:amd64			install
libboost-iostreams1.71.0:amd64			install
libboost-locale1.71.0:amd64			install
libboost-thread1.71.0:amd64			install
libbrlapi0.7:amd64				install
libbrotli1:amd64				install
libbs2b0:amd64					install
libbsd0:amd64					install
libburn4:amd64					install
libbz2-1.0:amd64				install
libc-ares2:amd64				install
libc-bin					install
libc-dev-bin					install
libc6:amd64					install
libc6-dbg:amd64					install
libc6-dev:amd64					install
libcaca0:amd64					install
libcairo-gobject-perl				install
libcairo-gobject2:amd64				install
libcairo-perl					install
libcairo2:amd64					install
libcairomm-1.0-1v5:amd64			install
libcaja-extension1:amd64			install
libcamd2:amd64					install
libcamel-1.2-62:amd64				install
libcanberra-gtk3-0:amd64			install
libcanberra-gtk3-module:amd64			install
libcanberra-pulse:amd64				install
libcanberra0:amd64				install
libcap-ng0:amd64				install
libcap2:amd64					install
libcap2-bin					install
libcbor0.6:amd64				install
libcc1-0:amd64					install
libccolamd2:amd64				install
libcdio-cdda2:amd64				install
libcdio-paranoia2:amd64				install
libcdio18:amd64					install
libcdparanoia0:amd64				install
libcdr-0.1-1:amd64				install
libcheese-gtk25:amd64				install
libcheese8:amd64				install
libcholmod3:amd64				install
libchromaprint1:amd64				install
libcinnamon-desktop4:amd64			install
libclucene-contribs1v5:amd64			install
libclucene-core1v5:amd64			install
libclutter-1.0-0:amd64				install
libclutter-1.0-common				install
libclutter-gst-3.0-0:amd64			install
libclutter-gtk-1.0-0:amd64			install
libcmis-0.5-5v5					install
libcodec2-0.9:amd64				install
libcogl-common					install
libcogl-pango20:amd64				install
libcogl-path20:amd64				install
libcogl20:amd64					install
libcolamd2:amd64				install
libcolord-gtk1:amd64				install
libcolord2:amd64				install
libcolorhug2:amd64				install
libcom-err2:amd64				install
libcompizconfig0:amd64				install
libcrack2:amd64					install
libcrypt-dev:amd64				install
libcrypt1:amd64					install
libcryptsetup12:amd64				install
libctf-nobfd0:amd64				install
libctf0:amd64					install
libcups2:amd64					install
libcupsfilters1:amd64				install
libcupsimage2:amd64				install
libcurl3-gnutls:amd64				install
libcurl4:amd64					install
libdaemon0:amd64				install
libdata-dump-perl				install
libdatrie1:amd64				install
libdb5.3:amd64					install
libdbus-1-3:amd64				install
libdbus-glib-1-2:amd64				install
libdbusmenu-glib4:amd64				install
libdbusmenu-gtk3-4:amd64			install
libdc1394-22:amd64				install
libdca0:amd64					install
libdconf1:amd64					install
libde265-0:amd64				install
libdebconfclient0:amd64				install
libdecoration0:amd64				install
libdee-1.0-4:amd64				install
libdevmapper1.02.1:amd64			install
libdjvulibre-text				install
libdjvulibre21:amd64				install
libdns-export1109				install
libdotconf0:amd64				install
libdouble-conversion3:amd64			install
libdpkg-perl					install
libdrm-amdgpu1:amd64				install
libdrm-common					install
libdrm-intel1:amd64				install
libdrm-nouveau2:amd64				install
libdrm-radeon1:amd64				install
libdrm2:amd64					install
libdv4:amd64					install
libdvdnav4:amd64				install
libdvdread7:amd64				install
libdw1:amd64					install
libe-book-0.1-1:amd64				install
libebackend-1.2-10:amd64			install
libebook-1.2-20:amd64				install
libebook-contacts-1.2-3:amd64			install
libecal-2.0-1:amd64				install
libedata-book-1.2-26:amd64			install
libedata-cal-2.0-1:amd64			install
libedataserver-1.2-24:amd64			install
libedataserverui-1.2-2:amd64			install
libedit2:amd64					install
libefiboot1:amd64				install
libefivar1:amd64				install
libegl-mesa0:amd64				install
libegl1:amd64					install
libelf1:amd64					install
libenchant-2-2:amd64				install
libencode-locale-perl				install
libeot0:amd64					install
libepoxy0:amd64					install
libepubgen-0.1-1:amd64				install
liberror-perl					install
libespeak-ng1:amd64				install
libespeak1:amd64				install
libestr0:amd64					install
libetonyek-0.1-1:amd64				install
libevdev2:amd64					install
libevent-2.1-7:amd64				install
libexempi8:amd64				install
libexif12:amd64					install
libexiv2-27:amd64				install
libexo-1-0:amd64				install
libexo-2-0:amd64				install
libexo-common					install
libexo-helpers					install
libexpat1:amd64					install
libext2fs2:amd64				install
libexttextcat-2.0-0:amd64			install
libexttextcat-data				install
libextutils-depends-perl			install
libextutils-pkgconfig-perl			install
libfaad2:amd64					install
libfakeroot:amd64				install
libfarstream-0.2-5:amd64			install
libfastjson4:amd64				install
libfdisk1:amd64					install
libffi7:amd64					install
libfftw3-double3:amd64				install
libfftw3-single3:amd64				install
libfido2-1:amd64				install
libfile-basedir-perl				install
libfile-desktopentry-perl			install
libfile-fcntllock-perl				install
libfile-listing-perl				install
libfile-mimeinfo-perl				install
libflac8:amd64					install
libflatpak0:amd64				install
libflite1:amd64					install
libfluidsynth2:amd64				install
libfont-afm-perl				install
libfontconfig1:amd64				install
libfontembed1:amd64				install
libfontenc1:amd64				install
libfprint-2-2:amd64				install
libfreehand-0.1-1				install
libfreetype6:amd64				install
libfribidi0:amd64				install
libfuse2:amd64					install
libfwupd2:amd64					install
libfwupdplugin1:amd64				install
libgadu3					install
libgail-3-0:amd64				install
libgail-common:amd64				install
libgail18:amd64					install
libgarcon-1-0:amd64				install
libgarcon-common				install
libgarcon-gtk3-1-0:amd64			install
libgbm1:amd64					install
libgcab-1.0-0:amd64				install
libgcc-9-dev:amd64				install
libgcc-s1:amd64					install
libgck-1-0:amd64				install
libgcr-base-3-1:amd64				install
libgcr-ui-3-1:amd64				install
libgcrypt20:amd64				install
libgd3:amd64					install
libgdata-common					install
libgdata22:amd64				install
libgdbm-compat4:amd64				install
libgdbm6:amd64					install
libgdk-pixbuf2.0-0:amd64			install
libgdk-pixbuf2.0-bin				install
libgdk-pixbuf2.0-common				install
libgdm1						install
libgee-0.8-2:amd64				install
libgegl-0.4-0:amd64				install
libgegl-common					install
libgeoclue-2-0:amd64				install
libgeocode-glib0:amd64				install
libgexiv2-2:amd64				install
libgfortran5:amd64				install
libgimp2.0					install
libgirepository-1.0-1:amd64			install
libgjs0g:amd64					install
libgl1:amd64					install
libgl1-mesa-dri:amd64				install
libglapi-mesa:amd64				install
libgles2:amd64					install
libglib-object-introspection-perl		install
libglib-perl:amd64				install
libglib2.0-0:amd64				install
libglib2.0-bin					install
libglib2.0-data					install
libglibmm-2.4-1v5:amd64				install
libglu1-mesa:amd64				install
libglvnd0:amd64					install
libglx-mesa0:amd64				install
libglx0:amd64					install
libgme0:amd64					install
libgmp10:amd64					install
libgnome-autoar-0-0:amd64			install
libgnome-bluetooth13:amd64			install
libgnome-desktop-3-19:amd64			install
libgnome-games-support-1-3:amd64		install
libgnome-games-support-common			install
libgnome-menu-3-0:amd64				install
libgnomekbd-common				install
libgnomekbd8:amd64				install
libgnutls30:amd64				install
libgoa-1.0-0b:amd64				install
libgoa-1.0-common				install
libgoa-backend-1.0-1:amd64			install
libgomp1:amd64					install
libgpg-error0:amd64				install
libgpgme11:amd64				install
libgpgmepp6:amd64				install
libgphoto2-6:amd64				install
libgphoto2-l10n					install
libgphoto2-port12:amd64				install
libgpm2:amd64					install
libgraphene-1.0-0:amd64				install
libgraphite2-3:amd64				install
libgs9:amd64					install
libgs9-common					install
libgsm1:amd64					install
libgsound0:amd64				install
libgspell-1-2:amd64				install
libgspell-1-common				install
libgssapi-krb5-2:amd64				install
libgssapi3-heimdal:amd64			install
libgssdp-1.2-0:amd64				install
libgstreamer-gl1.0-0:amd64			install
libgstreamer-plugins-bad1.0-0:amd64		install
libgstreamer-plugins-base1.0-0:amd64		install
libgstreamer-plugins-good1.0-0:amd64		install
libgstreamer1.0-0:amd64				install
libgtk-3-0:amd64				install
libgtk-3-bin					install
libgtk-3-common					install
libgtk2.0-0:amd64				install
libgtk2.0-bin					install
libgtk2.0-common				install
libgtk3-perl					install
libgtkmm-3.0-1v5:amd64				install
libgtksourceview-3.0-1:amd64			install
libgtksourceview-3.0-common			install
libgtkspell0:amd64				install
libgtop-2.0-11:amd64				install
libgtop2-common					install
libgucharmap-2-90-7:amd64			install
libgudev-1.0-0:amd64				install
libgupnp-1.2-0:amd64				install
libgupnp-av-1.0-2				install
libgupnp-dlna-2.0-3				install
libgupnp-igd-1.0-4:amd64			install
libgusb2:amd64					install
libgweather-3-16:amd64				install
libgweather-common				install
libgxps2:amd64					install
libhandy-0.0-0:amd64				install
libharfbuzz-icu0:amd64				install
libharfbuzz0b:amd64				install
libhcrypto4-heimdal:amd64			install
libheif1:amd64					install
libheimbase1-heimdal:amd64			install
libheimntlm0-heimdal:amd64			install
libhogweed5:amd64				install
libhpmud0:amd64					install
libhtml-form-perl				install
libhtml-format-perl				install
libhtml-parser-perl				install
libhtml-tagset-perl				install
libhtml-tree-perl				install
libhttp-cookies-perl				install
libhttp-daemon-perl				install
libhttp-date-perl				install
libhttp-message-perl				install
libhttp-negotiate-perl				install
libhunspell-1.7-0:amd64				install
libhx509-5-heimdal:amd64			install
libhyphen0:amd64				install
libibus-1.0-5:amd64				install
libical3:amd64					install
libice6:amd64					install
libicu66:amd64					install
libidn11:amd64					install
libidn2-0:amd64					install
libido3-0.1-0:amd64				install
libiec61883-0:amd64				install
libieee1284-3:amd64				install
libigdgmm11:amd64				install
libijs-0.35:amd64				install
libilmbase24:amd64				install
libimagequant0:amd64				install
libimobiledevice6:amd64				install
libindicator3-7					install
libinput-bin					install
libinput10:amd64				install
libinstpatch-1.0-2:amd64			install
libio-html-perl					install
libio-socket-ssl-perl				install
libio-stringy-perl				install
libip4tc2:amd64					install
libip6tc2:amd64					install
libipc-system-simple-perl			install
libisc-export1105:amd64				install
libisl22:amd64					install
libisofs6:amd64					install
libitm1:amd64					install
libiw30:amd64					install
libjack-jackd2-0:amd64				install
libjansson4:amd64				install
libjavascriptcoregtk-4.0-18:amd64		install
libjbig0:amd64					install
libjbig2dec0:amd64				install
libjcat1:amd64					install
libjpeg-turbo8:amd64				install
libjpeg8:amd64					install
libjs-inherits					install
libjs-is-typedarray				install
libjs-jquery					install
libjs-mathjax					install
libjs-psl					install
libjs-typedarray-to-buffer			install
libjson-c4:amd64				install
libjson-glib-1.0-0:amd64			install
libjson-glib-1.0-common				install
libjte2:amd64					install
libjuh-java					install
libjurt-java					install
libk5crypto3:amd64				install
libkate1:amd64					install
libkeybinder-3.0-0:amd64			install
libkeyutils1:amd64				install
libklibc:amd64					install
libkmod2:amd64					install
libkpathsea6:amd64				install
libkrb5-26-heimdal:amd64			install
libkrb5-3:amd64					install
libkrb5support0:amd64				install
libksba8:amd64					install
liblangtag-common				install
liblangtag1:amd64				install
liblapack3:amd64				install
liblcms2-2:amd64				install
liblcms2-utils					install
libldap-2.4-2:amd64				install
libldap-common					install
libldb2:amd64					install
liblightdm-gobject-1-0:amd64			install
liblilv-0-0:amd64				install
libllvm12:amd64					install
libllvm9:amd64					install
liblmdb0:amd64					install
liblocale-gettext-perl				install
liblouis-data					install
liblouis20:amd64				install
liblouisutdml-bin				install
liblouisutdml-data				install
liblouisutdml9:amd64				install
liblsan0:amd64					install
libltdl7:amd64					install
liblwp-mediatypes-perl				install
liblwp-protocol-https-perl			install
liblz4-1:amd64					install
liblzma5:amd64					install
liblzo2-2:amd64					install
libmagic-mgc					install
libmagic1:amd64					install
libmailtools-perl				install
libmaxminddb0:amd64				install
libmbim-glib4:amd64				install
libmbim-proxy					install
libmeanwhile1:amd64				install
libmediaart-2.0-0:amd64				install
libmessaging-menu0:amd64			install
libmetis5:amd64					install
libmhash2:amd64					install
libminiupnpc17:amd64				install
libmjpegutils-2.1-0:amd64			install
libmm-glib0:amd64				install
libmms0:amd64					install
libmng2:amd64					install
libmnl0:amd64					install
libmodplug1:amd64				install
libmount1:amd64					install
libmozjs-68-0:amd64				install
libmp3lame0:amd64				install
libmpc3:amd64					install
libmpcdec6:amd64				install
libmpdec2:amd64					install
libmpeg2encpp-2.1-0:amd64			install
libmpfr6:amd64					install
libmpg123-0:amd64				install
libmplex2-2.1-0:amd64				install
libmspub-0.1-1:amd64				install
libmtdev1:amd64					install
libmtp-common					install
libmtp-runtime					install
libmtp9:amd64					install
libmutter-6-0:amd64				install
libmwaw-0.3-3:amd64				install
libmypaint-1.5-1:amd64				install
libmypaint-common				install
libmysofa1:amd64				install
libmysqlclient21:amd64				install
libmythes-1.2-0:amd64				install
libnatpmp1:amd64				install
libnautilus-extension1a:amd64			install
libncurses6:amd64				install
libncursesw6:amd64				install
libndp0:amd64					install
libnemo-extension1:amd64			install
libneon27-gnutls:amd64				install
libnet-dbus-perl				install
libnet-http-perl				install
libnet-smtp-ssl-perl				install
libnet-ssleay-perl				install
libnetfilter-conntrack3:amd64			install
libnetplan0:amd64				install
libnettle7:amd64				install
libnewt0.52:amd64				install
libnfnetlink0:amd64				install
libnfs13:amd64					install
libnftnl11:amd64				install
libnghttp2-14:amd64				install
libnice10:amd64					install
libnl-3-200:amd64				install
libnl-genl-3-200:amd64				install
libnl-route-3-200:amd64				install
libnm0:amd64					install
libnma0:amd64					install
libnode-dev:amd64				install
libnode64:amd64					install
libnorm1:amd64					install
libnotify-bin					install
libnotify4:amd64				install
libnpth0:amd64					install
libnspr4:amd64					install
libnss-mdns:amd64				install
libnss-systemd:amd64				install
libnss3:amd64					install
libntfs-3g883					install
libnuma1:amd64					install
libodfgen-0.1-1:amd64				install
libofa0:amd64					install
libogg0:amd64					install
liboobs-1-5:amd64				install
libopenal-data					install
libopenal1:amd64				install
libopenexr24:amd64				install
libopenjp2-7:amd64				install
libopenmpt0:amd64				install
libopus0:amd64					install
liborc-0.4-0:amd64				install
liborcus-0.15-0:amd64				install
libostree-1-1:amd64				install
libotr5:amd64					install
libp11-kit0:amd64				install
libpackagekit-glib2-18:amd64			install
libpagemaker-0.0-0:amd64			install
libpam-cap:amd64				install
libpam-fprintd:amd64				install
libpam-gnome-keyring:amd64			install
libpam-modules:amd64				install
libpam-modules-bin				install
libpam-runtime					install
libpam-systemd:amd64				install
libpam0g:amd64					install
libpango-1.0-0:amd64				install
libpangocairo-1.0-0:amd64			install
libpangoft2-1.0-0:amd64				install
libpangomm-1.4-1v5:amd64			install
libpangoxft-1.0-0:amd64				install
libpaper-utils					install
libpaper1:amd64					install
libparted-fs-resize0:amd64			install
libparted2:amd64				install
libpcap0.8:amd64				install
libpcaudio0:amd64				install
libpci3:amd64					install
libpciaccess0:amd64				install
libpcre2-16-0:amd64				install
libpcre2-32-0:amd64				install
libpcre2-8-0:amd64				install
libpcre3:amd64					install
libpcsclite1:amd64				install
libperl5.30:amd64				install
libpgm-5.2-0:amd64				install
libphonenumber7:amd64				install
libpipeline1:amd64				install
libpixman-1-0:amd64				install
libplank-common					install
libplank1:amd64					install
libplist3:amd64					install
libplymouth5:amd64				install
libpng16-16:amd64				install
libpolkit-agent-1-0:amd64			install
libpolkit-gobject-1-0:amd64			install
libpoppler-cpp0v5:amd64				install
libpoppler-glib8:amd64				install
libpoppler97:amd64				install
libpopt0:amd64					install
libportaudio2:amd64				install
libpostproc55:amd64				install
libprocps8:amd64				install
libprotobuf-c1:amd64				install
libprotobuf17:amd64				install
libproxy1v5:amd64				install
libpsl5:amd64					install
libpulse-mainloop-glib0:amd64			install
libpulse0:amd64					install
libpulsedsp:amd64				install
libpurple-bin					install
libpurple0					install
libpwquality-common				install
libpwquality1:amd64				install
libpython2-stdlib:amd64				install
libpython2.7-minimal:amd64			install
libpython2.7-stdlib:amd64			install
libpython3-stdlib:amd64				install
libpython3.8:amd64				install
libpython3.8-minimal:amd64			install
libpython3.8-stdlib:amd64			install
libqmi-glib5:amd64				install
libqmi-proxy					install
libqpdf26:amd64					install
libqqwing2v5:amd64				install
libqt5core5a:amd64				install
libqt5dbus5:amd64				install
libqt5gui5:amd64				install
libqt5network5:amd64				install
libqt5svg5:amd64				install
libqt5widgets5:amd64				install
libqt5xml5:amd64				install
libquadmath0:amd64				install
libraptor2-0:amd64				install
librasqal3:amd64				install
libraw1394-11:amd64				install
libraw19:amd64					install
librdf0:amd64					install
libreadline8:amd64				install
libreoffice-base-core				install
libreoffice-calc				install
libreoffice-common				install
libreoffice-core				install
libreoffice-draw				install
libreoffice-gnome				install
libreoffice-gtk3				install
libreoffice-help-common				install
libreoffice-help-en-us				install
libreoffice-help-pt				install
libreoffice-help-pt-br				install
libreoffice-impress				install
libreoffice-l10n-pt				install
libreoffice-l10n-pt-br				install
libreoffice-math				install
libreoffice-style-colibre			install
libreoffice-style-elementary			install
libreoffice-style-tango				install
libreoffice-writer				install
librest-0.7-0:amd64				install
librevenge-0.0-0:amd64				install
libridl-java					install
libroken18-heimdal:amd64			install
librsvg2-2:amd64				install
librsvg2-common:amd64				install
librtmp1:amd64					install
librubberband2:amd64				install
libruby2.7:amd64				install
librygel-core-2.6-2:amd64			install
librygel-db-2.6-2:amd64				install
librygel-renderer-2.6-2:amd64			install
librygel-server-2.6-2:amd64			install
libsamplerate0:amd64				install
libsane:amd64					install
libsane-common					install
libsane-hpaio:amd64				install
libsasl2-2:amd64				install
libsasl2-modules:amd64				install
libsasl2-modules-db:amd64			install
libsbc1:amd64					install
libsdl2-2.0-0:amd64				install
libseccomp2:amd64				install
libsecret-1-0:amd64				install
libsecret-common				install
libselinux1:amd64				install
libsemanage-common				install
libsemanage1:amd64				install
libsensors-config				install
libsensors5:amd64				install
libsepol1:amd64					install
libserd-0-0:amd64				install
libshine3:amd64					install
libshout3:amd64					install
libsigc++-2.0-0v5:amd64				install
libslang2:amd64					install
libsm6:amd64					install
libsmartcols1:amd64				install
libsmbclient:amd64				install
libsmbios-c2					install
libsnapd-glib1:amd64				install
libsnappy1v5:amd64				install
libsndfile1:amd64				install
libsndio7.0:amd64				install
libsnmp-base					install
libsnmp35:amd64					install
libsodium23:amd64				install
libsonic0:amd64					install
libsord-0-0:amd64				install
libsoundtouch1:amd64				install
libsoup-gnome2.4-1:amd64			install
libsoup2.4-1:amd64				install
libsoxr0:amd64					install
libspandsp2:amd64				install
libspectre1:amd64				install
libspeechd2:amd64				install
libspeex1:amd64					install
libspeexdsp1:amd64				install
libsqlite3-0:amd64				install
libsratom-0-0:amd64				install
libsrt1:amd64					install
libsrtp2-1:amd64				install
libss2:amd64					install
libssh-4:amd64					install
libssh-gcrypt-4:amd64				install
libssl-dev:amd64				install
libssl1.1:amd64					install
libstartup-notification0:amd64			install
libstdc++-9-dev:amd64				install
libstdc++6:amd64				install
libstemmer0d:amd64				install
libsuitesparseconfig5:amd64			install
libswresample3:amd64				install
libswscale5:amd64				install
libsynctex2:amd64				install
libsystemd0:amd64				install
libtag1v5:amd64					install
libtag1v5-vanilla:amd64				install
libtagc0:amd64					install
libtalloc2:amd64				install
libtasn1-6:amd64				install
libtdb1:amd64					install
libteamdctl0:amd64				install
libtevent0:amd64				install
libtext-charwidth-perl				install
libtext-iconv-perl				install
libtext-wrapi18n-perl				install
libthai-data					install
libthai0:amd64					install
libtheora0:amd64				install
libthunarx-3-0:amd64				install
libtie-ixhash-perl				install
libtiff5:amd64					install
libtimedate-perl				install
libtinfo6:amd64					install
libtorrent-rasterbar10				install
libtry-tiny-perl				install
libtsan0:amd64					install
libtss2-esys0					install
libtumbler-1-0					install
libtwolame0:amd64				install
libu2f-udev					install
libubsan1:amd64					install
libuchardet0:amd64				install
libudev1:amd64					install
libudisks2-0:amd64				install
libumfpack5:amd64				install
libunique-1.0-0					install
libunistring2:amd64				install
libunity-protocol-private0:amd64		install
libunity-scopes-json-def-desktop		install
libunity9:amd64					install
libuno-cppu3					install
libuno-cppuhelpergcc3-3				install
libuno-purpenvhelpergcc3-3			install
libuno-sal3					install
libuno-salhelpergcc3-3				install
libunoloader-java				install
libunwind8:amd64				install
libupower-glib3:amd64				install
liburi-perl					install
libusb-1.0-0:amd64				install
libusbmuxd6:amd64				install
libusrsctp1:amd64				install
libutempter0:amd64				install
libuuid-perl					install
libuuid1:amd64					install
libuv1:amd64					install
libuv1-dev:amd64				install
libv4l-0:amd64					install
libv4lconvert0:amd64				install
libva-drm2:amd64				install
libva-x11-2:amd64				install
libva2:amd64					install
libvdpau1:amd64					install
libvidstab1.1:amd64				install
libvisio-0.1-1:amd64				install
libvisual-0.4-0:amd64				install
libvo-aacenc0:amd64				install
libvo-amrwbenc0:amd64				install
libvolume-key1					install
libvorbis0a:amd64				install
libvorbisenc2:amd64				install
libvorbisfile3:amd64				install
libvpx6:amd64					install
libvte-2.91-0:amd64				install
libvte-2.91-common				install
libvulkan1:amd64				install
libwacom-bin					install
libwacom-common					install
libwacom2:amd64					install
libwavpack1:amd64				install
libwayland-client0:amd64			install
libwayland-cursor0:amd64			install
libwayland-egl1:amd64				install
libwayland-server0:amd64			install
libwbclient0:amd64				install
libwebkit2gtk-4.0-37:amd64			install
libwebp6:amd64					install
libwebpdemux2:amd64				install
libwebpmux3:amd64				install
libwebrtc-audio-processing1:amd64		install
libwhoopsie-preferences0			install
libwhoopsie0:amd64				install
libwildmidi2:amd64				install
libwind0-heimdal:amd64				install
libwmf0.2-7:amd64				install
libwnck-3-0:amd64				install
libwnck-3-common				install
libwoff1:amd64					install
libwpd-0.10-10:amd64				install
libwpg-0.3-3:amd64				install
libwps-0.4-4:amd64				install
libwrap0:amd64					install
libwww-perl					install
libwww-robotrules-perl				install
libx11-6:amd64					install
libx11-data					install
libx11-protocol-perl				install
libx11-xcb1:amd64				install
libx264-155:amd64				install
libx265-179:amd64				install
libxapp1:amd64					install
libxatracker2:amd64				install
libxau6:amd64					install
libxaw7:amd64					install
libxcb-dri2-0:amd64				install
libxcb-dri3-0:amd64				install
libxcb-glx0:amd64				install
libxcb-icccm4:amd64				install
libxcb-image0:amd64				install
libxcb-keysyms1:amd64				install
libxcb-present0:amd64				install
libxcb-randr0:amd64				install
libxcb-render-util0:amd64			install
libxcb-render0:amd64				install
libxcb-res0:amd64				install
libxcb-shape0:amd64				install
libxcb-shm0:amd64				install
libxcb-sync1:amd64				install
libxcb-util1:amd64				install
libxcb-xfixes0:amd64				install
libxcb-xinerama0:amd64				install
libxcb-xinput0:amd64				install
libxcb-xkb1:amd64				install
libxcb-xv0:amd64				install
libxcb1:amd64					install
libxcomposite1:amd64				install
libxcursor1:amd64				install
libxdamage1:amd64				install
libxdmcp6:amd64					install
libxext6:amd64					install
libxfce4panel-2.0-4				install
libxfce4ui-1-0:amd64				install
libxfce4ui-2-0:amd64				install
libxfce4ui-common				install
libxfce4ui-utils				install
libxfce4util-bin				install
libxfce4util-common				install
libxfce4util7:amd64				install
libxfconf-0-3					install
libxfixes3:amd64				install
libxfont2:amd64					install
libxft2:amd64					install
libxi6:amd64					install
libxinerama1:amd64				install
libxkbcommon-x11-0:amd64			install
libxkbcommon0:amd64				install
libxkbfile1:amd64				install
libxklavier16:amd64				install
libxml-parser-perl				install
libxml-twig-perl				install
libxml-xpathengine-perl				install
libxml2:amd64					install
libxmlb1:amd64					install
libxmlsec1:amd64				install
libxmlsec1-nss:amd64				install
libxmu6:amd64					install
libxmuu1:amd64					install
libxpm4:amd64					install
libxpresent1:amd64				install
libxrandr2:amd64				install
libxrender1:amd64				install
libxres1:amd64					install
libxshmfence1:amd64				install
libxslt1.1:amd64				install
libxss1:amd64					install
libxt6:amd64					install
libxtables12:amd64				install
libxtst6:amd64					install
libxv1:amd64					install
libxvidcore4:amd64				install
libxvmc1:amd64					install
libxxf86dga1:amd64				install
libxxf86vm1:amd64				install
libyajl2:amd64					install
libyaml-0-2:amd64				install
libyaml-tiny-perl				install
libyelp0:amd64					install
libzbar0:amd64					install
libzephyr4:amd64				install
libzmq5:amd64					install
libzstd1:amd64					install
libzvbi-common					install
libzvbi0:amd64					install
lightdm						install
lightdm-gtk-greeter				install
lightdm-gtk-greeter-settings			install
linux-base					install
linux-firmware					install
linux-generic-hwe-20.04				install
linux-headers-5.11.0-27-generic			install
linux-headers-5.11.0-46-generic			install
linux-headers-5.13.0-25-generic			install
linux-headers-generic-hwe-20.04			install
linux-hwe-5.11-headers-5.11.0-27		install
linux-hwe-5.11-headers-5.11.0-46		install
linux-hwe-5.13-headers-5.13.0-25		install
linux-image-5.11.0-27-generic			install
linux-image-5.11.0-46-generic			install
linux-image-5.13.0-25-generic			install
linux-image-generic-hwe-20.04			install
linux-libc-dev:amd64				install
linux-modules-5.11.0-27-generic			install
linux-modules-5.11.0-46-generic			install
linux-modules-5.13.0-25-generic			install
linux-modules-extra-5.11.0-27-generic		install
linux-modules-extra-5.11.0-46-generic		install
linux-modules-extra-5.13.0-25-generic		install
linux-sound-base				install
lm-sensors					install
locales						install
login						install
logrotate					install
logsave						install
lp-solve					install
lsb-base					install
lsb-release					install
lshw						install
lsof						install
ltrace						install
lz4						install
make						install
man-db						install
manpages					install
manpages-dev					install
mate-calc					install
mate-calc-common				install
mawk						install
memtest86+					install
menulibre					install
mesa-utils					install
mesa-va-drivers:amd64				install
mesa-vdpau-drivers:amd64			install
mesa-vulkan-drivers:amd64			install
microsoft-edge-stable				install
mime-support					install
mlocate						install
mobile-broadband-provider-info			install
modemmanager					install
mokutil						install
mount						install
mousepad					install
mousetweaks					install
mscompress					install
mtr-tiny					install
mugshot						install
mutter						install
mutter-common					install
mysql-common					install
mythes-en-us					install
nano						install
ncurses-base					install
ncurses-bin					install
nemo						install
nemo-data					install
nemo-fileroller					install
netbase						install
netcat-openbsd					install
netplan.io					install
network-manager					install
network-manager-gnome				install
network-manager-pptp				install
network-manager-pptp-gnome			install
networkd-dispatcher				install
node-abbrev					install
node-ajv					install
node-ansi					install
node-ansi-align					install
node-ansi-regex					install
node-ansi-styles				install
node-ansistyles					install
node-aproba					install
node-archy					install
node-are-we-there-yet				install
node-asap					install
node-asn1					install
node-assert-plus				install
node-asynckit					install
node-aws-sign2					install
node-aws4					install
node-balanced-match				install
node-bcrypt-pbkdf				install
node-bl						install
node-bluebird					install
node-boxen					install
node-brace-expansion				install
node-builtin-modules				install
node-builtins					install
node-cacache					install
node-call-limit					install
node-camelcase					install
node-caseless					install
node-chalk					install
node-chownr					install
node-ci-info					install
node-cli-boxes					install
node-cliui					install
node-clone					install
node-co						install
node-color-convert				install
node-color-name					install
node-colors					install
node-columnify					install
node-combined-stream				install
node-concat-map					install
node-concat-stream				install
node-config-chain				install
node-configstore				install
node-console-control-strings			install
node-copy-concurrently				install
node-core-util-is				install
node-cross-spawn				install
node-crypto-random-string			install
node-cyclist					install
node-dashdash					install
node-debug					install
node-decamelize					install
node-decompress-response			install
node-deep-extend				install
node-defaults					install
node-define-properties				install
node-delayed-stream				install
node-delegates					install
node-detect-indent				install
node-detect-newline				install
node-dot-prop					install
node-duplexer3					install
node-duplexify					install
node-ecc-jsbn					install
node-editor					install
node-encoding					install
node-end-of-stream				install
node-err-code					install
node-errno					install
node-es6-promise				install
node-escape-string-regexp			install
node-execa					install
node-extend					install
node-extsprintf					install
node-fast-deep-equal				install
node-find-up					install
node-flush-write-stream				install
node-forever-agent				install
node-form-data					install
node-from2					install
node-fs-vacuum					install
node-fs-write-stream-atomic			install
node-fs.realpath				install
node-function-bind				install
node-gauge					install
node-genfun					install
node-get-caller-file				install
node-get-stream					install
node-getpass					install
node-glob					install
node-got					install
node-graceful-fs				install
node-gyp					install
node-har-schema					install
node-har-validator				install
node-has-flag					install
node-has-symbol-support-x			install
node-has-to-string-tag-x			install
node-has-unicode				install
node-hosted-git-info				install
node-http-signature				install
node-iconv-lite					install
node-iferr					install
node-import-lazy				install
node-imurmurhash				install
node-inflight					install
node-inherits					install
node-ini					install
node-invert-kv					install
node-ip						install
node-ip-regex					install
node-is-npm					install
node-is-obj					install
node-is-object					install
node-is-path-inside				install
node-is-plain-obj				install
node-is-retry-allowed				install
node-is-stream					install
node-is-typedarray				install
node-isarray					install
node-isexe					install
node-isstream					install
node-isurl					install
node-jsbn					install
node-json-parse-better-errors			install
node-json-schema				install
node-json-schema-traverse			install
node-json-stable-stringify			install
node-json-stringify-safe			install
node-jsonify					install
node-jsonparse					install
node-jsonstream					install
node-jsprim					install
node-latest-version				install
node-lazy-property				install
node-lcid					install
node-libnpx					install
node-locate-path				install
node-lockfile					install
node-lodash					install
node-lodash-packages				install
node-lowercase-keys				install
node-lru-cache					install
node-make-dir					install
node-mem					install
node-mime					install
node-mime-types					install
node-mimic-fn					install
node-mimic-response				install
node-minimatch					install
node-minimist					install
node-mississippi				install
node-mkdirp					install
node-move-concurrently				install
node-ms						install
node-mute-stream				install
node-nopt					install
node-normalize-package-data			install
node-npm-bundled				install
node-npm-package-arg				install
node-npm-run-path				install
node-npmlog					install
node-number-is-nan				install
node-oauth-sign					install
node-object-assign				install
node-once					install
node-opener					install
node-os-locale					install
node-os-tmpdir					install
node-osenv					install
node-p-cancelable				install
node-p-finally					install
node-p-is-promise				install
node-p-limit					install
node-p-locate					install
node-p-timeout					install
node-package-json				install
node-parallel-transform				install
node-path-exists				install
node-path-is-absolute				install
node-path-is-inside				install
node-performance-now				install
node-pify					install
node-prepend-http				install
node-process-nextick-args			install
node-promise-inflight				install
node-promise-retry				install
node-promzard					install
node-proto-list					install
node-prr					install
node-pseudomap					install
node-psl					install
node-pump					install
node-pumpify					install
node-punycode					install
node-qs						install
node-qw						install
node-rc						install
node-read					install
node-read-package-json				install
node-readable-stream				install
node-registry-auth-token			install
node-registry-url				install
node-request					install
node-require-directory				install
node-require-main-filename			install
node-resolve					install
node-resolve-from				install
node-retry					install
node-rimraf					install
node-run-queue					install
node-safe-buffer				install
node-semver					install
node-semver-diff				install
node-set-blocking				install
node-sha					install
node-shebang-command				install
node-shebang-regex				install
node-signal-exit				install
node-slash					install
node-slide					install
node-sorted-object				install
node-spdx-correct				install
node-spdx-exceptions				install
node-spdx-expression-parse			install
node-spdx-license-ids				install
node-sshpk					install
node-ssri					install
node-stream-each				install
node-stream-iterate				install
node-stream-shift				install
node-strict-uri-encode				install
node-string-decoder				install
node-string-width				install
node-strip-ansi					install
node-strip-eof					install
node-strip-json-comments			install
node-supports-color				install
node-tar					install
node-term-size					install
node-text-table					install
node-through					install
node-through2					install
node-timed-out					install
node-tough-cookie				install
node-tunnel-agent				install
node-tweetnacl					install
node-typedarray					install
node-typedarray-to-buffer			install
node-uid-number					install
node-unique-filename				install
node-unique-string				install
node-unpipe					install
node-uri-js					install
node-url-parse-lax				install
node-url-to-options				install
node-util-deprecate				install
node-uuid					install
node-validate-npm-package-license		install
node-validate-npm-package-name			install
node-verror					install
node-wcwidth.js					install
node-which					install
node-which-module				install
node-wide-align					install
node-widest-line				install
node-wrap-ansi					install
node-wrappy					install
node-write-file-atomic				install
node-xdg-basedir				install
node-xtend					install
node-y18n					install
node-yallist					install
node-yargs					install
node-yargs-parser				install
nodejs						install
nodejs-doc					install
npm						install
ntfs-3g						install
numix-gtk-theme					install
numlockx					install
ocl-icd-libopencl1:amd64			install
onboard						install
onboard-common					install
onboard-data					install
openprinting-ppds				install
openssh-client					install
openssl						install
os-prober					install
p11-kit						install
p11-kit-modules:amd64				install
p7zip						install
p7zip-full					install
packagekit					install
packagekit-tools				install
parole						install
parted						install
passwd						install
pastebinit					install
patch						install
pavucontrol					install
pci.ids						install
pciutils					install
pcmciautils					install
perl						install
perl-base					install
perl-modules-5.30				install
perl-openssl-defaults:amd64			install
pidgin						install
pidgin-data					install
pidgin-otr					install
pigz						install
pinentry-gnome3					install
pinentry-gtk2					install
pkg-config					install
plank						install
plymouth					install
plymouth-label					install
plymouth-theme-ubuntu-text			install
plymouth-theme-xubuntu-logo			install
plymouth-theme-xubuntu-text			install
policykit-1					install
policykit-1-gnome				install
policykit-desktop-privileges			install
poppler-data					install
poppler-utils					install
popularity-contest				install
powermgmt-base					install
ppp						install
pptp-linux					install
printer-driver-brlaser				install
printer-driver-c2esp				install
printer-driver-foo2zjs				install
printer-driver-foo2zjs-common			install
printer-driver-hpcups				install
printer-driver-m2300w				install
printer-driver-min12xxw				install
printer-driver-pnm2ppa				install
printer-driver-postscript-hp			install
printer-driver-ptouch				install
printer-driver-pxljr				install
printer-driver-sag-gdi				install
printer-driver-splix				install
procps						install
psmisc						install
publicsuffix					install
pulseaudio					install
pulseaudio-module-bluetooth			install
pulseaudio-utils				install
python-apt-common				install
python-pip-whl					install
python-pkg-resources				install
python2						install
python2-minimal					install
python2.7					install
python2.7-minimal				install
python3						install
python3-apport					install
python3-apt					install
python3-aptdaemon				install
python3-aptdaemon.gtk3widgets			install
python3-blinker					install
python3-cairo:amd64				install
python3-certifi					install
python3-cffi-backend				install
python3-chardet					install
python3-click					install
python3-colorama				install
python3-commandnotfound				install
python3-compizconfig:amd64			install
python3-cryptography				install
python3-cups					install
python3-cupshelpers				install
python3-dateutil				install
python3-dbus					install
python3-debconf					install
python3-debian					install
python3-defer					install
python3-distro					install
python3-distro-info				install
python3-distupgrade				install
python3-distutils				install
python3-entrypoints				install
python3-gdbm:amd64				install
python3-gi					install
python3-gi-cairo				install
python3-httplib2				install
python3-ibus-1.0				install
python3-idna					install
python3-jwt					install
python3-keyring					install
python3-launchpadlib				install
python3-lazr.restfulclient			install
python3-lazr.uri				install
python3-ldb					install
python3-lib2to3					install
python3-macaroonbakery				install
python3-minimal					install
python3-nacl					install
python3-netifaces				install
python3-oauthlib				install
python3-olefile					install
python3-pexpect					install
python3-pil:amd64				install
python3-pkg-resources				install
python3-problem-report				install
python3-protobuf				install
python3-psutil					install
python3-ptyprocess				install
python3-pymacaroons				install
python3-renderpm:amd64				install
python3-reportlab				install
python3-reportlab-accel:amd64			install
python3-requests				install
python3-requests-unixsocket			install
python3-rfc3339					install
python3-secretstorage				install
python3-simplejson				install
python3-six					install
python3-software-properties			install
python3-systemd					install
python3-talloc:amd64				install
python3-tz					install
python3-uno					install
python3-update-manager				install
python3-urllib3					install
python3-wadllib					install
python3-xcffib					install
python3-xkit					install
python3-yaml					install
python3.8					install
python3.8-minimal				install
python3.8-venv					install
qbittorrent					install
qt5-gtk-platformtheme:amd64			install
qttranslations5-l10n				install
rake						install
readline-common					install
rfkill						install
ristretto					install
rsync						install
rsyslog						install
rtkit						install
ruby						install
ruby-json					install
ruby-minitest					install
ruby-net-telnet					install
ruby-power-assert				install
ruby-test-unit					install
ruby-xmlrpc					install
ruby2.7						install
rubygems-integration				install
rygel						install
samba-libs:amd64				install
sane-utils					install
sbsigntool					install
secureboot-db					install
sed						install
sensible-utils					install
session-migration				install
sgml-base					install
sgml-data					install
sgt-launcher					install
sgt-puzzles					install
shared-mime-info				install
shim-signed					install
shimmer-themes					install
simple-scan					install
slirp4netns					install
snapd						install
software-properties-common			install
software-properties-gtk				install
sound-icons					install
sound-theme-freedesktop				install
speech-dispatcher				install
speech-dispatcher-audio-plugins:amd64		install
speech-dispatcher-espeak-ng			install
spice-vdagent					install
squashfs-tools					install
ssl-cert					install
strace						install
sudo						install
switcheroo-control				install
system-config-printer				install
system-config-printer-common			install
system-config-printer-udev			install
system-tools-backends				install
systemd						install
systemd-sysv					install
systemd-timesyncd				install
sysvinit-utils					install
tar						install
tcpdump						install
telnet						install
thermald					install
thunar						install
thunar-archive-plugin				install
thunar-data					install
thunar-media-tags-plugin			install
thunar-volman					install
thunderbird					install
thunderbird-locale-en				install
thunderbird-locale-en-us			install
thunderbird-locale-pt				install
thunderbird-locale-pt-br			install
time						install
timgm6mb-soundfont				install
tpm-udev					install
transmission-common				install
transmission-gtk				install
tree						install
tumbler						install
tumbler-common					install
tzdata						install
ubuntu-advantage-tools				install
ubuntu-docs					install
ubuntu-drivers-common				install
ubuntu-keyring					install
ubuntu-minimal					install
ubuntu-mono					install
ubuntu-release-upgrader-core			install
ubuntu-release-upgrader-gtk			install
ubuntu-session					install
ubuntu-standard					install
ubuntu-wallpapers				install
ubuntu-wallpapers-focal				install
ucf						install
udev						install
udisks2						install
ufw						install
unattended-upgrades				install
uno-libs-private				install
unzip						install
update-inetd					install
update-manager					install
update-manager-core				install
update-notifier					install
update-notifier-common				install
upower						install
ure						install
usb-modeswitch					install
usb-modeswitch-data				install
usb.ids						install
usbmuxd						install
usbutils					install
util-linux					install
uuid-runtime					install
va-driver-all:amd64				install
vdpau-driver-all:amd64				install
vim-common					install
vim-tiny					install
wamerican					install
wbrazilian					install
wbritish					install
wget						install
whiptail					install
whoopsie					install
whoopsie-preferences				install
wireless-regdb					install
wireless-tools					install
wpasupplicant					install
wportuguese					install
x11-apps					install
x11-common					install
x11-session-utils				install
x11-utils					install
x11-xkb-utils					install
x11-xserver-utils				install
xapps-common					install
xauth						install
xbitmaps					install
xbrlapi						install
xcursor-themes					install
xdg-dbus-proxy					install
xdg-desktop-portal				install
xdg-desktop-portal-gtk				install
xdg-user-dirs					install
xdg-user-dirs-gtk				install
xdg-utils					install
xfburn						install
xfce4-appfinder					install
xfce4-cpugraph-plugin				install
xfce4-dict					install
xfce4-indicator-plugin				install
xfce4-mailwatch-plugin				install
xfce4-netload-plugin				install
xfce4-notes					install
xfce4-notes-plugin				install
xfce4-notifyd					install
xfce4-panel					install
xfce4-panel-profiles				install
xfce4-places-plugin				install
xfce4-power-manager				install
xfce4-power-manager-data			install
xfce4-power-manager-plugins			install
xfce4-pulseaudio-plugin:amd64			install
xfce4-screensaver				install
xfce4-screenshooter				install
xfce4-session					install
xfce4-settings					install
xfce4-statusnotifier-plugin			install
xfce4-systemload-plugin				install
xfce4-taskmanager				install
xfce4-terminal					install
xfce4-verve-plugin				install
xfce4-weather-plugin				install
xfce4-whiskermenu-plugin			install
xfce4-xkb-plugin				install
xfconf						install
xfdesktop4					install
xfdesktop4-data					install
xfonts-base					install
xfonts-encodings				install
xfonts-scalable					install
xfonts-utils					install
xfpanel-switch					install
xfwm4						install
xiccd						install
xinit						install
xinput						install
xkb-data					install
xml-core					install
xorg						install
xorg-docs-core					install
xserver-common					install
xserver-xephyr					install
xserver-xorg					install
xserver-xorg-core				install
xserver-xorg-input-all				install
xserver-xorg-input-libinput			install
xserver-xorg-input-synaptics			install
xserver-xorg-input-wacom			install
xserver-xorg-legacy				install
xserver-xorg-video-all				install
xserver-xorg-video-amdgpu			install
xserver-xorg-video-ati				install
xserver-xorg-video-fbdev			install
xserver-xorg-video-intel			install
xserver-xorg-video-nouveau			install
xserver-xorg-video-qxl				install
xserver-xorg-video-radeon			install
xserver-xorg-video-vesa				install
xserver-xorg-video-vmware			install
xterm						install
xubuntu-artwork					install
xubuntu-community-wallpapers			install
xubuntu-community-wallpapers-focal		install
xubuntu-core					install
xubuntu-default-settings			install
xubuntu-desktop					install
xubuntu-docs					install
xubuntu-wallpapers				install
xul-ext-ubufox					install
xwayland					install
xxd						install
xz-utils					install
yaru-theme-gnome-shell				install
yelp						install
yelp-xsl					install
zenity						install
zenity-common					install
zip						install
zlib1g:amd64					install
zsh						install
zsh-common					install
